<?xml version="1.0" encoding="UTF-8"?>
<!-- Generated by org.testng.reporters.JUnitXMLReporter -->
<testsuite ignored="0" hostname="ATHULYA-HARIKRISHNAN" failures="1" tests="28" name="MainTest" time="115.528" errors="0" timestamp="2025-03-15T14:25:39 IST">
  <testcase classname="utilities.BaseClass" name="@AfterMethod logout" time="0.434">
    <failure type="org.openqa.selenium.NoSuchElementException" message="Unable to find element with locator By.linkText: Sign Out
For documentation on this error, please visit: https://www.selenium.dev/documentation/webdriver/troubleshooting/errors#no-such-element-exception
Build info: version: &amp;apos;4.27.0&amp;apos;, revision: &amp;apos;d6e718d134&amp;apos;
System info: os.name: &amp;apos;Windows 10&amp;apos;, os.arch: &amp;apos;amd64&amp;apos;, os.version: &amp;apos;10.0&amp;apos;, java.version: &amp;apos;21.0.3&amp;apos;
Driver info: driver.version: RemoteWebDriver">
      <![CDATA[org.openqa.selenium.NoSuchElementException: Unable to find element with locator By.linkText: Sign Out
For documentation on this error, please visit: https://www.selenium.dev/documentation/webdriver/troubleshooting/errors#no-such-element-exception
Build info: version: '4.27.0', revision: 'd6e718d134'
System info: os.name: 'Windows 10', os.arch: 'amd64', os.version: '10.0', java.version: '21.0.3'
Driver info: driver.version: RemoteWebDriver
at org.openqa.selenium.remote.ElementLocation$ElementFinder$2.findElement(ElementLocation.java:168)
at org.openqa.selenium.remote.ElementLocation.findElement(ElementLocation.java:59)
at org.openqa.selenium.remote.RemoteWebDriver.findElement(RemoteWebDriver.java:368)
at org.openqa.selenium.remote.RemoteWebDriver.findElement(RemoteWebDriver.java:362)
at org.openqa.selenium.support.pagefactory.DefaultElementLocator.findElement(DefaultElementLocator.java:68)
at org.openqa.selenium.support.pagefactory.internal.LocatingElementHandler.invoke(LocatingElementHandler.java:38)
at jdk.proxy2/jdk.proxy2.$Proxy16.click(Unknown Source)
at objectRepository.HomePage.signout(HomePage.java:55)
at utilities.BaseClass.logout(BaseClass.java:59)
at java.base/java.util.ArrayList.forEach(ArrayList.java:1596)
... Removed 30 stack frames]]>
    </failure>
  </testcase> <!-- @AfterMethod logout -->
  <testcase classname="testPackage.dataSupplyTest" name="printData" time="0.014"/>
  <testcase classname="testPackage.dataSupplyTest" name="printData" time="0.007"/>
  <testcase classname="testPackage.dataSupplyTest" name="printData" time="0.011"/>
  <testcase classname="testPackage.dataSupplyTest" name="printData" time="0.012"/>
  <testcase classname="testPackage.dataSupplyTest" name="printData17" time="0.005"/>
  <testcase classname="testPackage.dataSupplyTest" name="printData17" time="0.014"/>
  <testcase classname="testPackage.dataSupplyTest" name="printData17" time="0.016"/>
  <testcase classname="testPackage.dataSupplyTest" name="printData17" time="0.007"/>
  <testcase classname="testPackage.DataSupply" name="contactDetails" time="0.008"/>
  <testcase classname="testPackage.DataSupply" name="contactDetails" time="0.002"/>
  <testcase classname="testPackage.DataSupply" name="printData" time="0.001"/>
  <testcase classname="testPackage.DataSupply" name="printData" time="0.002"/>
  <testcase classname="testPackage.DataSupply" name="printData" time="0.003"/>
  <testcase classname="testPackage.DataSupply" name="printData" time="0.012"/>
  <testcase classname="testPackage.DataSupply" name="printData1" time="0.007"/>
  <testcase classname="testPackage.DataSupply" name="printData1" time="0.007"/>
  <testcase classname="testPackage.DataSupply" name="printData1" time="0.012"/>
  <testcase classname="testPackage.DataSupply" name="printData1" time="0.004"/>
  <testcase classname="testPackage.ContactTest" name="createContact" time="8.3"/>
  <testcase classname="testPackage.ContactTest" name="createContact" time="8.243"/>
  <testcase classname="testPackage.AttributesTest" name="moveToCalendarPage" time="4.767"/>
  <testcase classname="testPackage.AttributesTest" name="moveToContactsPage" time="4.777"/>
  <testcase classname="testPackage.AttributesTest" name="moveToLeadsPage" time="8.155"/>
  <testcase classname="testPackage.AttributesTest" name="moveToOrganizationsPage" time="4.483"/>
  <testcase classname="testPackage.OrganizationsTest" name="createOrganization" time="6.118"/>
  <testcase classname="testPackage.VerificationClass" name="verify" time="0.004">
    <failure type="java.lang.AssertionError" message="null">
      <![CDATA[java.lang.AssertionError: null
at testPackage.VerificationClass.verify(VerificationClass.java:28)
at java.base/java.util.ArrayList.forEach(ArrayList.java:1596)
... Removed 27 stack frames]]>
    </failure>
  </testcase> <!-- verify -->
  <testcase classname="testPackage.ScenarioTest2" name="TestCase3" time="0.002"/>
  <testcase classname="testPackage.ScenarioTest2" name="TestCase4" time="0.001"/>
</testsuite> <!-- MainTest -->
