<?xml version="1.0" encoding="UTF-8"?>
<!-- Generated by org.testng.reporters.JUnitXMLReporter -->
<testsuite ignored="3" hostname="ATHULYA-HARIKRISHNAN" failures="0" tests="6" name="GroupTest" time="0.247" errors="0" timestamp="2025-03-14T10:23:07 IST">
  <testcase classname="utilities.BaseClass" name="@BeforeMethod login" time="-1.741927987301E9">
    <failure type="org.testng.TestNGException" message="
Parameter &amp;apos;browser&amp;apos; is required by BeforeMethod on method login but has not been marked @Optional or defined
in C:\AUTOMATION TESTING\M3Vtiger\Grouptestng.xml">
      <![CDATA[org.testng.TestNGException: 
Parameter 'browser' is required by BeforeMethod on method login but has not been marked @Optional or defined
in C:\AUTOMATION TESTING\M3Vtiger\Grouptestng.xml
at java.base/java.util.ArrayList.forEach(ArrayList.java:1596)
... Removed 28 stack frames]]>
    </failure>
  </testcase> <!-- @BeforeMethod login -->
  <testcase classname="utilities.BaseClass" name="@AfterMethod logout" time="0.009">
    <failure type="java.lang.NullPointerException" message="Cannot invoke &amp;quot;objectRepository.HomePage.signout(org.openqa.selenium.WebDriver)&amp;quot; because &amp;quot;this.hp&amp;quot; is null">
      <![CDATA[java.lang.NullPointerException: Cannot invoke "objectRepository.HomePage.signout(org.openqa.selenium.WebDriver)" because "this.hp" is null
at utilities.BaseClass.logout(BaseClass.java:52)
at java.base/java.util.ArrayList.forEach(ArrayList.java:1596)
... Removed 30 stack frames]]>
    </failure>
  </testcase> <!-- @AfterMethod logout -->
  <testcase classname="utilities.BaseClass" name="@BeforeMethod login" time="-1.741927987364E9">
    <failure type="org.testng.TestNGException" message="
Parameter &amp;apos;browser&amp;apos; is required by BeforeMethod on method login but has not been marked @Optional or defined
in C:\AUTOMATION TESTING\M3Vtiger\Grouptestng.xml">
      <![CDATA[org.testng.TestNGException: 
Parameter 'browser' is required by BeforeMethod on method login but has not been marked @Optional or defined
in C:\AUTOMATION TESTING\M3Vtiger\Grouptestng.xml
at java.base/java.util.ArrayList.forEach(ArrayList.java:1596)
... Removed 28 stack frames]]>
    </failure>
  </testcase> <!-- @BeforeMethod login -->
  <testcase classname="utilities.BaseClass" name="@AfterMethod logout" time="0.001">
    <failure type="java.lang.NullPointerException" message="Cannot invoke &amp;quot;objectRepository.HomePage.signout(org.openqa.selenium.WebDriver)&amp;quot; because &amp;quot;this.hp&amp;quot; is null">
      <![CDATA[java.lang.NullPointerException: Cannot invoke "objectRepository.HomePage.signout(org.openqa.selenium.WebDriver)" because "this.hp" is null
at utilities.BaseClass.logout(BaseClass.java:52)
at java.base/java.util.ArrayList.forEach(ArrayList.java:1596)
... Removed 30 stack frames]]>
    </failure>
  </testcase> <!-- @AfterMethod logout -->
  <testcase classname="utilities.BaseClass" name="@BeforeMethod login" time="-1.741927987387E9">
    <failure type="org.testng.TestNGException" message="
Parameter &amp;apos;browser&amp;apos; is required by BeforeMethod on method login but has not been marked @Optional or defined
in C:\AUTOMATION TESTING\M3Vtiger\Grouptestng.xml">
      <![CDATA[org.testng.TestNGException: 
Parameter 'browser' is required by BeforeMethod on method login but has not been marked @Optional or defined
in C:\AUTOMATION TESTING\M3Vtiger\Grouptestng.xml
at java.base/java.util.ArrayList.forEach(ArrayList.java:1596)
... Removed 28 stack frames]]>
    </failure>
  </testcase> <!-- @BeforeMethod login -->
  <testcase classname="utilities.BaseClass" name="@AfterMethod logout" time="0.001">
    <failure type="java.lang.NullPointerException" message="Cannot invoke &amp;quot;objectRepository.HomePage.signout(org.openqa.selenium.WebDriver)&amp;quot; because &amp;quot;this.hp&amp;quot; is null">
      <![CDATA[java.lang.NullPointerException: Cannot invoke "objectRepository.HomePage.signout(org.openqa.selenium.WebDriver)" because "this.hp" is null
at utilities.BaseClass.logout(BaseClass.java:52)
at java.base/java.util.ArrayList.forEach(ArrayList.java:1596)
... Removed 30 stack frames]]>
    </failure>
  </testcase> <!-- @AfterMethod logout -->
  <testcase classname="utilities.BaseClass" name="@BeforeMethod login" time="-1.741927987407E9">
    <failure type="org.testng.TestNGException" message="
Parameter &amp;apos;browser&amp;apos; is required by BeforeMethod on method login but has not been marked @Optional or defined
in C:\AUTOMATION TESTING\M3Vtiger\Grouptestng.xml">
      <![CDATA[org.testng.TestNGException: 
Parameter 'browser' is required by BeforeMethod on method login but has not been marked @Optional or defined
in C:\AUTOMATION TESTING\M3Vtiger\Grouptestng.xml
at java.base/java.util.ArrayList.forEach(ArrayList.java:1596)
... Removed 28 stack frames]]>
    </failure>
  </testcase> <!-- @BeforeMethod login -->
  <testcase classname="utilities.BaseClass" name="@AfterMethod logout" time="0.001">
    <failure type="java.lang.NullPointerException" message="Cannot invoke &amp;quot;objectRepository.HomePage.signout(org.openqa.selenium.WebDriver)&amp;quot; because &amp;quot;this.hp&amp;quot; is null">
      <![CDATA[java.lang.NullPointerException: Cannot invoke "objectRepository.HomePage.signout(org.openqa.selenium.WebDriver)" because "this.hp" is null
at utilities.BaseClass.logout(BaseClass.java:52)
at java.base/java.util.ArrayList.forEach(ArrayList.java:1596)
... Removed 30 stack frames]]>
    </failure>
  </testcase> <!-- @AfterMethod logout -->
  <testcase classname="utilities.BaseClass" name="@BeforeMethod login" time="-1.74192798743E9">
    <failure type="org.testng.TestNGException" message="
Parameter &amp;apos;browser&amp;apos; is required by BeforeMethod on method login but has not been marked @Optional or defined
in C:\AUTOMATION TESTING\M3Vtiger\Grouptestng.xml">
      <![CDATA[org.testng.TestNGException: 
Parameter 'browser' is required by BeforeMethod on method login but has not been marked @Optional or defined
in C:\AUTOMATION TESTING\M3Vtiger\Grouptestng.xml
at java.base/java.util.ArrayList.forEach(ArrayList.java:1596)
... Removed 28 stack frames]]>
    </failure>
  </testcase> <!-- @BeforeMethod login -->
  <testcase classname="utilities.BaseClass" name="@AfterMethod logout" time="0.001">
    <failure type="java.lang.NullPointerException" message="Cannot invoke &amp;quot;objectRepository.HomePage.signout(org.openqa.selenium.WebDriver)&amp;quot; because &amp;quot;this.hp&amp;quot; is null">
      <![CDATA[java.lang.NullPointerException: Cannot invoke "objectRepository.HomePage.signout(org.openqa.selenium.WebDriver)" because "this.hp" is null
at utilities.BaseClass.logout(BaseClass.java:52)
at java.base/java.util.ArrayList.forEach(ArrayList.java:1596)
... Removed 30 stack frames]]>
    </failure>
  </testcase> <!-- @AfterMethod logout -->
  <testcase classname="utilities.BaseClass" name="@BeforeMethod login" time="-1.741927987468E9">
    <failure type="org.testng.TestNGException" message="
Parameter &amp;apos;browser&amp;apos; is required by BeforeMethod on method login but has not been marked @Optional or defined
in C:\AUTOMATION TESTING\M3Vtiger\Grouptestng.xml">
      <![CDATA[org.testng.TestNGException: 
Parameter 'browser' is required by BeforeMethod on method login but has not been marked @Optional or defined
in C:\AUTOMATION TESTING\M3Vtiger\Grouptestng.xml
at java.base/java.util.ArrayList.forEach(ArrayList.java:1596)
... Removed 28 stack frames]]>
    </failure>
  </testcase> <!-- @BeforeMethod login -->
  <testcase classname="utilities.BaseClass" name="@AfterMethod logout" time="0.0">
    <failure type="java.lang.NullPointerException" message="Cannot invoke &amp;quot;objectRepository.HomePage.signout(org.openqa.selenium.WebDriver)&amp;quot; because &amp;quot;this.hp&amp;quot; is null">
      <![CDATA[java.lang.NullPointerException: Cannot invoke "objectRepository.HomePage.signout(org.openqa.selenium.WebDriver)" because "this.hp" is null
at utilities.BaseClass.logout(BaseClass.java:52)
at java.base/java.util.ArrayList.forEach(ArrayList.java:1596)
... Removed 30 stack frames]]>
    </failure>
  </testcase> <!-- @AfterMethod logout -->
  <testcase classname="testPackage.ContactTest" name="createContact" time="0.0">
    <skipped/>
  </testcase> <!-- createContact -->
  <testcase classname="testPackage.AttributesTest" name="moveToLeadsPage" time="0.0">
    <skipped/>
  </testcase> <!-- moveToLeadsPage -->
  <testcase classname="testPackage.AttributesTest" name="moveToOrganizationsPage" time="0.0">
    <skipped/>
  </testcase> <!-- moveToOrganizationsPage -->
  <testcase classname="testPackage.OrganizationsTest" name="createOrganization" time="0.001">
    <skipped/>
  </testcase> <!-- createOrganization -->
  <testcase classname="testPackage.ScenarioTest2" name="TestCase3" time="0.0">
    <skipped/>
  </testcase> <!-- TestCase3 -->
  <testcase classname="testPackage.VerificationClass" name="verify" time="0.0">
    <skipped/>
  </testcase> <!-- verify -->
  <testcase classname="testPackage.AttributesTest" name="moveToCalendarPage" time="0.0">
    <ignored/>
  </testcase> <!-- moveToCalendarPage -->
  <testcase classname="testPackage.AttributesTest" name="moveToContactsPage" time="0.0">
    <ignored/>
  </testcase> <!-- moveToContactsPage -->
  <testcase classname="testPackage.ScenarioTest2" name="TestCase4" time="0.0">
    <ignored/>
  </testcase> <!-- TestCase4 -->
</testsuite> <!-- GroupTest -->
